<?xml version="1.0" encoding="utf-8"?><testsuites><testsuite name="pytest" errors="0" failures="0" skipped="2" tests="15" time="0.609" timestamp="2022-11-03T10:23:59.069365" hostname="fv-az28-131"><testcase classname="tests.test_build" name="test_build_composition[./tests/resources/web_template.json-anytree]" time="0.019" /><testcase classname="tests.test_build" name="test_user_defined_function[./tests/resources/web_template.json-anytree]" time="0.005" /><testcase classname="tests.test_cli" name="test_from_file[tests/resources/source.xml-tests/resources/web_template.json-tests/resources/xml_conf.yaml]" time="0.115" /><testcase classname="tests.test_cli" name="test_from_file[tests/resources/source.json-tests/resources/web_template.json-tests/resources/json_conf.yaml]" time="0.247" /><testcase classname="tests.test_cli" name="test_inspect[tests/resources/web_template.json]" time="0.002" /><testcase classname="tests.test_cli" name="test_missing_aql_path" time="0.001" /><testcase classname="tests.test_composition" name="test_factory[./tests/resources/web_template.json-anytree]" time="0.002" /><testcase classname="tests.test_composition" name="test_composition_add_multiple_instances[./tests/resources/web_template.json-anytree]" time="0.003" /><testcase classname="tests.test_composition" name="test_composition_set_defaults[./tests/resources/web_template.json-anytree]" time="0.000"><skipped type="pytest.skip" message="to be updated">/home/runner/work/flatehr/flatehr/tests/test_composition.py:57: to be updated</skipped></testcase><testcase classname="tests.test_composition" name="test_set_null_flavour[./tests/resources/web_template.json-anytree]" time="0.000"><skipped type="pytest.skip" message="to be updated">/home/runner/work/flatehr/flatehr/tests/test_composition.py:73: to be updated</skipped></testcase><testcase classname="tests.test_sources" name="test_xpath_source[expected_values0]" time="0.001" /><testcase classname="tests.test_sources" name="test_jsonpath_source[expected_values0]" time="0.048" /><testcase classname="tests.test_template" name="test_factory[./tests/resources/web_template.json-anytree]" time="0.002" /><testcase classname="tests.test_template" name="test_attrs[test/context-expected_attrs0-./tests/resources/web_template.json-anytree]" time="0.002" /><testcase classname="tests.test_template" name="test_conf_skeleton[paths:\n  ctx/category: #  required\n    maps_to: []\n    suffixes:\n      &quot;|code&quot;: &quot;&quot;\n  ctx/encoding: #  required\n    maps_to: []\n  ctx/language: #  required\n    maps_to: []\n  ctx/subject: #  required\n    maps_to: []\n    suffixes:\n      &quot;|id&quot;: &quot;&quot;\n      &quot;|id_scheme&quot;: &quot;&quot;\n      &quot;|id_namespace&quot;: &quot;&quot;\n      &quot;|name&quot;: &quot;&quot;\n  ctx/time: #  required\n    maps_to: []\n  test/context/case_identification/participation_in_clinical_study: # NOT required\n    maps_to: []\n  test/context/case_identification/patient_pseudonym: #  required\n    maps_to: []\n  test/histopathology/result_group/laboratory_test_result/any_event/test_name: #  required\n    maps_to: []\n  test/patient_data/gender/biological_sex: #  required\n    maps_to: []\n    suffixes:\n      &quot;|code&quot;: &quot;&quot;\n  test/patient_data/metastasis_diagnosis/metastasis_diagnosis2/metastasis_diagnosis/from_event: #  required\n    maps_to: []\n  test/patient_data/metastasis_diagnosis/metastasis_diagnosis2/metastasis_diagnosis/time_of_recurrence: #  required\n    maps_to: []\n    suffixes:\n      &quot;|week&quot;: &quot;&quot;\n  test/patient_data/metastasis_diagnosis/metastasis_diagnosis: #  required\n    maps_to: []\n    suffixes:\n      &quot;|code&quot;: &quot;&quot;\n  test/patient_data/primary_diagnosis/date_of_diagnosis: # NOT required\n    maps_to: []\n  test/patient_data/primary_diagnosis/diagnosis_timing/primary_diagnosis/age_at_diagnosis: #  required\n    maps_to: []\n    suffixes:\n      &quot;|year&quot;: &quot;&quot;\n  test/patient_data/primary_diagnosis/primary_diagnosis: #  required\n    maps_to: []\n    suffixes:\n      &quot;|code&quot;: &quot;&quot;\n-./tests/resources/web_template.json-anytree]" time="0.002" /></testsuite></testsuites>